<?xml version="1.0" encoding="UTF-8"?>
<!-- Generated by org.testng.reporters.JUnitReportReporter -->
<testsuite hostname="DELL-C0HKRC2" failures="0" tests="1" name="Edit.BonusTrack_OpenHRM.Test_BonusTrack2b" time="14.874" errors="0" timestamp="2022-01-23T12:45:48 ART" skipped="0">
  <testcase classname="Edit.BonusTrack_OpenHRM.Test_BonusTrack2b" name="login" time="14.874"/>
  <system-out/>
</testsuite> <!-- Edit.BonusTrack_OpenHRM.Test_BonusTrack2b -->
