<?xml version="1.0" encoding="UTF-8"?>
<!-- Generated by org.testng.reporters.JUnitReportReporter -->
<testsuite hostname="DELL-C0HKRC2" failures="0" tests="2" name="pruebas.Test_BonusTrack4b" time="19.872" errors="0" timestamp="2022-01-23T14:59:12 ART" skipped="0">
  <testcase classname="pruebas.Test_BonusTrack4b" name="login" time="8.308"/>
  <system-out/>
  <testcase classname="pruebas.Test_BonusTrack4b" name="login" time="11.564"/>
  <system-out/>
</testsuite> <!-- pruebas.Test_BonusTrack4b -->
