<?xml version="1.0" encoding="UTF-8"?>
<!-- Generated by org.testng.reporters.JUnitReportReporter -->
<testsuite hostname="DELL-C0HKRC2" failures="0" tests="1" name="pruebas.Test_BonusTrack5b" time="4.738" errors="0" timestamp="2022-01-23T15:34:20 ART" skipped="0">
  <testcase classname="pruebas.Test_BonusTrack5b" name="addEmployee" time="4.738"/>
  <system-out/>
</testsuite> <!-- pruebas.Test_BonusTrack5b -->
