<?xml version="1.0" encoding="UTF-8"?>
<!-- Generated by org.testng.reporters.JUnitReportReporter -->
<testsuite hostname="DELL-C0HKRC2" failures="0" tests="1" name="Edit.BonusTrack_OpenHRM.AppTest" time="0.004" errors="0" timestamp="2022-01-23T12:45:48 ART" skipped="0">
  <testcase classname="Edit.BonusTrack_OpenHRM.AppTest" name="shouldAnswerWithTrue" time="0.004"/>
  <system-out/>
</testsuite> <!-- Edit.BonusTrack_OpenHRM.AppTest -->
